<?xml version="1.0" encoding="UTF-8"?>
<testng-results ignored="0" total="1" passed="1" failed="0" skipped="0">
  <reporter-output>
  </reporter-output>
  <suite started-at="2024-04-12T18:45:31 IST" name="Surefire suite" finished-at="2024-04-12T18:45:31 IST" duration-ms="25">
    <groups>
    </groups>
    <test started-at="2024-04-12T18:45:31 IST" name="Surefire test" finished-at="2024-04-12T18:45:31 IST" duration-ms="25">
      <class name="final_assmnt_mvn.mvn_project_final.AppTest">
        <test-method signature="testApp()[pri:0, instance:testApp(final_assmnt_mvn.mvn_project_final.AppTest)]" started-at="2024-04-12T18:45:31 IST" name="testApp" finished-at="2024-04-12T18:45:31 IST" duration-ms="2" status="PASS">
          <reporter-output>
          </reporter-output>
        </test-method> <!-- testApp -->
      </class> <!-- final_assmnt_mvn.mvn_project_final.AppTest -->
    </test> <!-- Surefire test -->
  </suite> <!-- Surefire suite -->
</testng-results>
