<?xml version="1.0" encoding="UTF-8"?>
<testng-results ignored="0" total="1" passed="1" failed="0" skipped="0">
  <reporter-output>
  </reporter-output>
  <suite started-at="2024-04-12T19:30:20 IST" name="Surefire suite" finished-at="2024-04-12T19:30:26 IST" duration-ms="5802">
    <groups>
    </groups>
    <test started-at="2024-04-12T19:30:20 IST" name="Surefire test" finished-at="2024-04-12T19:30:26 IST" duration-ms="5802">
      <class name="final_assmnt_mvn.mvn_project_final.SeleniumTestSample">
        <test-method is-config="true" signature="setUp()[pri:0, instance:final_assmnt_mvn.mvn_project_final.SeleniumTestSample@5552768b]" started-at="2024-04-12T19:30:20 IST" name="setUp" finished-at="2024-04-12T19:30:22 IST" duration-ms="2000" status="PASS">
          <reporter-output>
          </reporter-output>
        </test-method> <!-- setUp -->
        <test-method signature="googleSearchTest()[pri:0, instance:final_assmnt_mvn.mvn_project_final.SeleniumTestSample@5552768b]" started-at="2024-04-12T19:30:22 IST" name="googleSearchTest" finished-at="2024-04-12T19:30:26 IST" duration-ms="3577" status="PASS">
          <reporter-output>
          </reporter-output>
        </test-method> <!-- googleSearchTest -->
        <test-method is-config="true" signature="tearDown()[pri:0, instance:final_assmnt_mvn.mvn_project_final.SeleniumTestSample@5552768b]" started-at="2024-04-12T19:30:26 IST" name="tearDown" finished-at="2024-04-12T19:30:26 IST" duration-ms="178" status="PASS">
          <reporter-output>
          </reporter-output>
        </test-method> <!-- tearDown -->
      </class> <!-- final_assmnt_mvn.mvn_project_final.SeleniumTestSample -->
    </test> <!-- Surefire test -->
  </suite> <!-- Surefire suite -->
</testng-results>
