<?xml version="1.0" encoding="UTF-8"?>
<testng-results ignored="0" total="1" passed="1" failed="0" skipped="0">
  <reporter-output>
  </reporter-output>
  <suite started-at="2024-04-12T18:43:34 IST" name="Default suite" finished-at="2024-04-12T18:43:43 IST" duration-ms="8462">
    <groups>
    </groups>
    <test started-at="2024-04-12T18:43:34 IST" name="Default test" finished-at="2024-04-12T18:43:43 IST" duration-ms="8462">
      <class name="final_assmnt_mvn.mvn_project_final.SeleniumTestSample">
        <test-method is-config="true" signature="setUp()[pri:0, instance:final_assmnt_mvn.mvn_project_final.SeleniumTestSample@7db12bb6]" started-at="2024-04-12T18:43:35 IST" name="setUp" finished-at="2024-04-12T18:43:39 IST" duration-ms="4567" status="PASS">
          <reporter-output>
          </reporter-output>
        </test-method> <!-- setUp -->
        <test-method signature="googleSearchTest()[pri:0, instance:final_assmnt_mvn.mvn_project_final.SeleniumTestSample@7db12bb6]" started-at="2024-04-12T18:43:39 IST" name="googleSearchTest" finished-at="2024-04-12T18:43:43 IST" duration-ms="3627" status="PASS">
          <reporter-output>
          </reporter-output>
        </test-method> <!-- googleSearchTest -->
        <test-method is-config="true" signature="tearDown()[pri:0, instance:final_assmnt_mvn.mvn_project_final.SeleniumTestSample@7db12bb6]" started-at="2024-04-12T18:43:43 IST" name="tearDown" finished-at="2024-04-12T18:43:43 IST" duration-ms="206" status="PASS">
          <reporter-output>
          </reporter-output>
        </test-method> <!-- tearDown -->
      </class> <!-- final_assmnt_mvn.mvn_project_final.SeleniumTestSample -->
    </test> <!-- Default test -->
  </suite> <!-- Default suite -->
</testng-results>
